Using pre-set license
Built from '2021.3/staging' branch; Version is '2021.3.3f1 (af2e63e8f9bd) revision 11480675'; Using compiler version '192829333'; Build Type 'Release'
OS: 'Windows 10  (10.0.19044) 64bit Core' Language: 'en' Physical Memory: 16237 MB
BatchMode: 1, IsHumanControllingUs: 0, StartBugReporterOnCrash: 0, Is64bit: 1, IsPro: 1

COMMAND LINE ARGUMENTS:
C:\Program Files\Unity 2021.3.3f1\Editor\Unity.exe
-adb2
-batchMode
-noUpm
-name
AssetImportWorker0
-projectPath
C:/Users/mathi/Documents/GitHub/GameJam2022
-logFile
Logs/AssetImportWorker0.log
-srvPort
58300
Successfully changed project path to: C:/Users/mathi/Documents/GitHub/GameJam2022
C:/Users/mathi/Documents/GitHub/GameJam2022
[UnityMemory] Configuration Parameters - Can be set up in boot.config
    "memorysetup-bucket-allocator-granularity=16"
    "memorysetup-bucket-allocator-bucket-count=8"
    "memorysetup-bucket-allocator-block-size=33554432"
    "memorysetup-bucket-allocator-block-count=8"
    "memorysetup-main-allocator-block-size=16777216"
    "memorysetup-thread-allocator-block-size=16777216"
    "memorysetup-gfx-main-allocator-block-size=16777216"
    "memorysetup-gfx-thread-allocator-block-size=16777216"
    "memorysetup-cache-allocator-block-size=4194304"
    "memorysetup-typetree-allocator-block-size=2097152"
    "memorysetup-profiler-bucket-allocator-granularity=16"
    "memorysetup-profiler-bucket-allocator-bucket-count=8"
    "memorysetup-profiler-bucket-allocator-block-size=33554432"
    "memorysetup-profiler-bucket-allocator-block-count=8"
    "memorysetup-profiler-allocator-block-size=16777216"
    "memorysetup-profiler-editor-allocator-block-size=1048576"
    "memorysetup-temp-allocator-size-main=16777216"
    "memorysetup-job-temp-allocator-block-size=2097152"
    "memorysetup-job-temp-allocator-block-size-background=1048576"
    "memorysetup-job-temp-allocator-reduction-small-platforms=262144"
    "memorysetup-temp-allocator-size-background-worker=32768"
    "memorysetup-temp-allocator-size-job-worker=262144"
    "memorysetup-temp-allocator-size-preload-manager=33554432"
    "memorysetup-temp-allocator-size-nav-mesh-worker=65536"
    "memorysetup-temp-allocator-size-audio-worker=65536"
    "memorysetup-temp-allocator-size-cloud-worker=32768"
    "memorysetup-temp-allocator-size-gi-baking-worker=262144"
    "memorysetup-temp-allocator-size-gfx=262144"
Refreshing native plugins compatible for Editor in 74.38 ms, found 4 plugins.
Preloading 0 native plugins for Editor in 0.00 ms.
Initialize engine version: 2021.3.3f1 (af2e63e8f9bd)
[Subsystems] Discovering subsystems at path C:/Program Files/Unity 2021.3.3f1/Editor/Data/Resources/UnitySubsystems
[Subsystems] Discovering subsystems at path C:/Users/mathi/Documents/GitHub/GameJam2022/Assets
GfxDevice: creating device client; threaded=0; jobified=0
Direct3D:
    Version:  Direct3D 11.0 [level 11.1]
    Renderer: NVIDIA GeForce RTX 3060 Ti (ID=0x2486)
    Vendor:   NVIDIA
    VRAM:     8050 MB
    Driver:   30.0.14.7280
Initialize mono
Mono path[0] = 'C:/Program Files/Unity 2021.3.3f1/Editor/Data/Managed'
Mono path[1] = 'C:/Program Files/Unity 2021.3.3f1/Editor/Data/MonoBleedingEdge/lib/mono/unityjit-win32'
Mono config path = 'C:/Program Files/Unity 2021.3.3f1/Editor/Data/MonoBleedingEdge/etc'
Using monoOptions --debugger-agent=transport=dt_socket,embedding=1,server=y,suspend=n,address=127.0.0.1:56784
Begin MonoManager ReloadAssembly
Registering precompiled unity dll's ...
Register platform support module: C:/Program Files/Unity 2021.3.3f1/Editor/Data/PlaybackEngines/WindowsStandaloneSupport/UnityEditor.WindowsStandalone.Extensions.dll
Registered in 0.003444 seconds.
Native extension for WindowsStandalone target not found
Refreshing native plugins compatible for Editor in 76.62 ms, found 4 plugins.
Preloading 0 native plugins for Editor in 0.00 ms.
Mono: successfully reloaded assembly
- Completed reload, in  0.491 seconds
Domain Reload Profiling:
	ReloadAssembly (491ms)
		BeginReloadAssembly (53ms)
			ExecutionOrderSort (0ms)
			DisableScriptedObjects (0ms)
			BackupInstance (0ms)
			ReleaseScriptingObjects (0ms)
			CreateAndSetChildDomain (1ms)
		EndReloadAssembly (356ms)
			LoadAssemblies (51ms)
			RebuildTransferFunctionScriptingTraits (0ms)
			SetupTypeCache (75ms)
			ReleaseScriptCaches (0ms)
			RebuildScriptCaches (21ms)
			SetupLoadedEditorAssemblies (221ms)
				LogAssemblyErrors (0ms)
				InitializePlatformSupportModulesInManaged (6ms)
				SetLoadedEditorAssemblies (0ms)
				RefreshPlugins (77ms)
				BeforeProcessingInitializeOnLoad (1ms)
				ProcessInitializeOnLoadAttributes (104ms)
				ProcessInitializeOnLoadMethodAttributes (33ms)
				AfterProcessingInitializeOnLoad (0ms)
				EditorAssembliesLoaded (0ms)
			ExecutionOrderSort2 (0ms)
			AwakeInstancesAfterBackupRestoration (0ms)
Platform modules already initialized, skipping
Registering precompiled user dll's ...
Registered in 0.005608 seconds.
Begin MonoManager ReloadAssembly
Symbol file LoadedFromMemory doesn't match image C:\Users\mathi\Documents\GitHub\GameJam2022\Library\PackageCache\com.unity.visualscripting@1.7.6\Editor\VisualScripting.Core\Dependencies\YamlDotNet\Unity.VisualScripting.YamlDotNet.dll
Symbol file LoadedFromMemory doesn't match image C:\Users\mathi\Documents\GitHub\GameJam2022\Library\PackageCache\com.unity.visualscripting@1.7.6\Editor\VisualScripting.Core\Dependencies\DotNetZip\Unity.VisualScripting.IonicZip.dll
Native extension for WindowsStandalone target not found
Refreshing native plugins compatible for Editor in 74.61 ms, found 4 plugins.
Preloading 0 native plugins for Editor in 0.00 ms.
Mono: successfully reloaded assembly
- Completed reload, in  0.891 seconds
Domain Reload Profiling:
	ReloadAssembly (892ms)
		BeginReloadAssembly (81ms)
			ExecutionOrderSort (0ms)
			DisableScriptedObjects (4ms)
			BackupInstance (0ms)
			ReleaseScriptingObjects (0ms)
			CreateAndSetChildDomain (15ms)
		EndReloadAssembly (724ms)
			LoadAssemblies (60ms)
			RebuildTransferFunctionScriptingTraits (0ms)
			SetupTypeCache (178ms)
			ReleaseScriptCaches (1ms)
			RebuildScriptCaches (48ms)
			SetupLoadedEditorAssemblies (401ms)
				LogAssemblyErrors (0ms)
				InitializePlatformSupportModulesInManaged (3ms)
				SetLoadedEditorAssemblies (0ms)
				RefreshPlugins (75ms)
				BeforeProcessingInitializeOnLoad (83ms)
				ProcessInitializeOnLoadAttributes (198ms)
				ProcessInitializeOnLoadMethodAttributes (36ms)
				AfterProcessingInitializeOnLoad (6ms)
				EditorAssembliesLoaded (0ms)
			ExecutionOrderSort2 (0ms)
			AwakeInstancesAfterBackupRestoration (4ms)
Platform modules already initialized, skipping
========================================================================
Worker process is ready to serve import requests
Launched and connected shader compiler UnityShaderCompiler.exe after 0.03 seconds
Refreshing native plugins compatible for Editor in 0.64 ms, found 4 plugins.
Preloading 0 native plugins for Editor in 0.00 ms.
Unloading 4210 Unused Serialized files (Serialized files now loaded: 0)
Unloading 57 unused Assets / (296.4 KB). Loaded Objects now: 4658.
Memory consumption went from 156.8 MB to 156.5 MB.
Total: 2.863000 ms (FindLiveObjects: 0.242600 ms CreateObjectMapping: 0.113700 ms MarkObjects: 2.362300 ms  DeleteObjects: 0.143500 ms)

AssetImportParameters requested are different than current active one (requested -> active):
  custom:video-decoder-ogg-theora: a1e56fd34408186e4bbccfd4996cb3dc -> 
  custom:container-muxer-webm: aa71ff27fc2769a1b78a27578f13a17b -> 
  custom:container-demuxer-webm: 4f35f7cbe854078d1ac9338744f61a02 -> 
  custom:video-encoder-webm-vp8: eb34c28f22e8b96e1ab97ce403110664 -> 
  custom:audio-encoder-webm-vorbis: bf7c407c2cedff20999df2af8eb42d56 -> 
  custom:framework-win-MediaFoundation: 216162199b28c13a410421893ffa2e32 -> 
  custom:container-demuxer-ogg: 62fdf1f143b41e24485cea50d1cbac27 -> 
  custom:video-decoder-webm-vp8: 9c59270c3fd7afecdb556c50c9e8de78 -> 
  custom:audio-decoder-ogg-vorbis: bf7c407c2cedff20999df2af8eb42d56 -> 
========================================================================
Received Import Request.
  Time since last request: 38037.097855 seconds.
  path: Assets/Materials and Textures/Arc.mat
  artifactKey: Guid(81c5663dd0f57bc469576ec97ad220f8) Importer(815301076,1909f56bfc062723c751e8b465ee728b)
Start importing Assets/Materials and Textures/Arc.mat using Guid(81c5663dd0f57bc469576ec97ad220f8) Importer(815301076,1909f56bfc062723c751e8b465ee728b)  -> (artifact id: '14043fe3f53db4a721d83e29b5ca5ccb') in 0.126782 seconds 
========================================================================
Received Import Request.
  Time since last request: 0.000020 seconds.
  path: Assets/Materials and Textures/dot.png
  artifactKey: Guid(104282fa1633e044e977ca4806c67d0b) Importer(815301076,1909f56bfc062723c751e8b465ee728b)
Start importing Assets/Materials and Textures/dot.png using Guid(104282fa1633e044e977ca4806c67d0b) Importer(815301076,1909f56bfc062723c751e8b465ee728b)  -> (artifact id: '48539f1a9e6026634ba31e760b7e3f8c') in 0.021774 seconds 
========================================================================
Received Import Request.
  Time since last request: 1.517081 seconds.
  path: Assets/Scenes/TestingScene.unity
  artifactKey: Guid(2cda990e2423bbf4892e6590ba056729) Importer(815301076,1909f56bfc062723c751e8b465ee728b)
Start importing Assets/Scenes/TestingScene.unity using Guid(2cda990e2423bbf4892e6590ba056729) Importer(815301076,1909f56bfc062723c751e8b465ee728b)  -> (artifact id: '59cace0ae520f8a875d70c735b4ffe42') in 0.005252 seconds 
========================================================================
Received Prepare
Registering precompiled user dll's ...
Registered in 0.005609 seconds.
Begin MonoManager ReloadAssembly
Symbol file LoadedFromMemory doesn't match image C:\Users\mathi\Documents\GitHub\GameJam2022\Library\PackageCache\com.unity.visualscripting@1.7.6\Editor\VisualScripting.Core\Dependencies\YamlDotNet\Unity.VisualScripting.YamlDotNet.dll
Symbol file LoadedFromMemory doesn't match image C:\Users\mathi\Documents\GitHub\GameJam2022\Library\PackageCache\com.unity.visualscripting@1.7.6\Editor\VisualScripting.Core\Dependencies\DotNetZip\Unity.VisualScripting.IonicZip.dll
Native extension for WindowsStandalone target not found
Refreshing native plugins compatible for Editor in 0.60 ms, found 4 plugins.
Preloading 0 native plugins for Editor in 0.00 ms.
Mono: successfully reloaded assembly
- Completed reload, in  0.816 seconds
Domain Reload Profiling:
	ReloadAssembly (817ms)
		BeginReloadAssembly (105ms)
			ExecutionOrderSort (0ms)
			DisableScriptedObjects (4ms)
			BackupInstance (0ms)
			ReleaseScriptingObjects (0ms)
			CreateAndSetChildDomain (34ms)
		EndReloadAssembly (635ms)
			LoadAssemblies (62ms)
			RebuildTransferFunctionScriptingTraits (0ms)
			SetupTypeCache (187ms)
			ReleaseScriptCaches (2ms)
			RebuildScriptCaches (41ms)
			SetupLoadedEditorAssemblies (302ms)
				LogAssemblyErrors (0ms)
				InitializePlatformSupportModulesInManaged (10ms)
				SetLoadedEditorAssemblies (0ms)
				RefreshPlugins (1ms)
				BeforeProcessingInitializeOnLoad (65ms)
				ProcessInitializeOnLoadAttributes (190ms)
				ProcessInitializeOnLoadMethodAttributes (30ms)
				AfterProcessingInitializeOnLoad (6ms)
				EditorAssembliesLoaded (0ms)
			ExecutionOrderSort2 (0ms)
			AwakeInstancesAfterBackupRestoration (7ms)
Platform modules already initialized, skipping
Refreshing native plugins compatible for Editor in 1.95 ms, found 4 plugins.
Preloading 0 native plugins for Editor in 0.00 ms.
Unloading 4205 Unused Serialized files (Serialized files now loaded: 0)
Unloading 32 unused Assets / (263.6 KB). Loaded Objects now: 4715.
Memory consumption went from 161.3 MB to 161.1 MB.
Total: 2.680400 ms (FindLiveObjects: 0.227000 ms CreateObjectMapping: 0.122900 ms MarkObjects: 2.207200 ms  DeleteObjects: 0.122000 ms)

AssetImportParameters requested are different than current active one (requested -> active):
  custom:video-decoder-ogg-theora: a1e56fd34408186e4bbccfd4996cb3dc -> 
  custom:container-muxer-webm: aa71ff27fc2769a1b78a27578f13a17b -> 
  custom:container-demuxer-webm: 4f35f7cbe854078d1ac9338744f61a02 -> 
  custom:video-encoder-webm-vp8: eb34c28f22e8b96e1ab97ce403110664 -> 
  custom:audio-encoder-webm-vorbis: bf7c407c2cedff20999df2af8eb42d56 -> 
  custom:framework-win-MediaFoundation: 216162199b28c13a410421893ffa2e32 -> 
  custom:container-demuxer-ogg: 62fdf1f143b41e24485cea50d1cbac27 -> 
  custom:video-decoder-webm-vp8: 9c59270c3fd7afecdb556c50c9e8de78 -> 
  custom:audio-decoder-ogg-vorbis: bf7c407c2cedff20999df2af8eb42d56 -> 
========================================================================
Received Import Request.
  Time since last request: 12.861049 seconds.
  path: Assets/Sprites/dice d4 1.png
  artifactKey: Guid(e9af5d12a3bfc3c43a2d40db667b264d) Importer(815301076,1909f56bfc062723c751e8b465ee728b)
Start importing Assets/Sprites/dice d4 1.png using Guid(e9af5d12a3bfc3c43a2d40db667b264d) Importer(815301076,1909f56bfc062723c751e8b465ee728b)  -> (artifact id: '13b7431531c1c4991a512b55323571f1') in 0.118938 seconds 
========================================================================
Received Import Request.
  Time since last request: 0.000048 seconds.
  path: Assets/Sprites/hand.png
  artifactKey: Guid(3005ee5e9acccf54493dabfeca74b0aa) Importer(815301076,1909f56bfc062723c751e8b465ee728b)
Start importing Assets/Sprites/hand.png using Guid(3005ee5e9acccf54493dabfeca74b0aa) Importer(815301076,1909f56bfc062723c751e8b465ee728b)  -> (artifact id: '3fa188867f06e76900dde2a13eaea7ee') in 0.049127 seconds 
========================================================================
Received Import Request.
  Time since last request: 0.000030 seconds.
  path: Assets/Sprites/dice d4.png
  artifactKey: Guid(ac5a6c4ec6f2eb349b1dc4e8289b964c) Importer(815301076,1909f56bfc062723c751e8b465ee728b)
Start importing Assets/Sprites/dice d4.png using Guid(ac5a6c4ec6f2eb349b1dc4e8289b964c) Importer(815301076,1909f56bfc062723c751e8b465ee728b)  -> (artifact id: '3a23475a1dc75f70fc24d17c69c70865') in 0.073850 seconds 
========================================================================
Received Import Request.
  Time since last request: 0.806270 seconds.
  path: Assets/Tiles/dice d4_0.asset
  artifactKey: Guid(e6b76877d2fcdad42b986ad60e99bafc) Importer(815301076,1909f56bfc062723c751e8b465ee728b)
Start importing Assets/Tiles/dice d4_0.asset using Guid(e6b76877d2fcdad42b986ad60e99bafc) Importer(815301076,1909f56bfc062723c751e8b465ee728b)  -> (artifact id: 'fa9ed8fc25e3359d65af335c3ab6a693') in 0.025310 seconds 
========================================================================
Received Import Request.
  Time since last request: 0.000022 seconds.
  path: Assets/Tiles/hand_2.asset
  artifactKey: Guid(e8648673bb6ef894287c4e87443e6c64) Importer(815301076,1909f56bfc062723c751e8b465ee728b)
Start importing Assets/Tiles/hand_2.asset using Guid(e8648673bb6ef894287c4e87443e6c64) Importer(815301076,1909f56bfc062723c751e8b465ee728b)  -> (artifact id: '24c4f772454f04974568a0ead90f231d') in 0.010264 seconds 
========================================================================
Received Import Request.
  Time since last request: 0.000024 seconds.
  path: Assets/Tiles/dice d4_7.asset
  artifactKey: Guid(17aa223ecd049e24781c623350740481) Importer(815301076,1909f56bfc062723c751e8b465ee728b)
Start importing Assets/Tiles/dice d4_7.asset using Guid(17aa223ecd049e24781c623350740481) Importer(815301076,1909f56bfc062723c751e8b465ee728b)  -> (artifact id: '81c9a4b7fcc52a42e683c1adc2fda5a9') in 0.008592 seconds 
========================================================================
Received Import Request.
  Time since last request: 0.000023 seconds.
  path: Assets/Tiles/dice d4_4.asset
  artifactKey: Guid(bbd0cd367a0264e4c92c82132674edd2) Importer(815301076,1909f56bfc062723c751e8b465ee728b)
Start importing Assets/Tiles/dice d4_4.asset using Guid(bbd0cd367a0264e4c92c82132674edd2) Importer(815301076,1909f56bfc062723c751e8b465ee728b)  -> (artifact id: '63b32bbb6d196aa170a1fdcdf2d74816') in 0.009530 seconds 
========================================================================
Received Import Request.
  Time since last request: 0.000020 seconds.
  path: Assets/Tiles/dice d4_3.asset
  artifactKey: Guid(76481c789f79042429526409759a6391) Importer(815301076,1909f56bfc062723c751e8b465ee728b)
Start importing Assets/Tiles/dice d4_3.asset using Guid(76481c789f79042429526409759a6391) Importer(815301076,1909f56bfc062723c751e8b465ee728b)  -> (artifact id: '51b783257e66b3297433a2a6ab6961af') in 0.008650 seconds 
========================================================================
Received Import Request.
  Time since last request: 0.000017 seconds.
  path: Assets/Tiles/dice d4_2.asset
  artifactKey: Guid(88039856bf3991d4f923461f19997c11) Importer(815301076,1909f56bfc062723c751e8b465ee728b)
Start importing Assets/Tiles/dice d4_2.asset using Guid(88039856bf3991d4f923461f19997c11) Importer(815301076,1909f56bfc062723c751e8b465ee728b)  -> (artifact id: '5b82151b64f5cd0c33eb4fded2a81932') in 0.009657 seconds 
========================================================================
Received Import Request.
  Time since last request: 0.000024 seconds.
  path: Assets/Tiles/hand_5.asset
  artifactKey: Guid(2adb4c6f6ab5b5842a99ec31e61dd437) Importer(815301076,1909f56bfc062723c751e8b465ee728b)
Start importing Assets/Tiles/hand_5.asset using Guid(2adb4c6f6ab5b5842a99ec31e61dd437) Importer(815301076,1909f56bfc062723c751e8b465ee728b)  -> (artifact id: '0de8b8351edcc8d9d7583bdcd5edfbd8') in 0.009049 seconds 
========================================================================
Received Import Request.
  Time since last request: 0.000028 seconds.
  path: Assets/Tiles/dice d4_11.asset
  artifactKey: Guid(0695b3aef538de74d801f570891f2226) Importer(815301076,1909f56bfc062723c751e8b465ee728b)
Start importing Assets/Tiles/dice d4_11.asset using Guid(0695b3aef538de74d801f570891f2226) Importer(815301076,1909f56bfc062723c751e8b465ee728b)  -> (artifact id: 'b625351181a0b5d03a4ae25d5a121027') in 0.011589 seconds 
========================================================================
Received Import Request.
  Time since last request: 0.000031 seconds.
  path: Assets/Tiles/hand_1.asset
  artifactKey: Guid(bb9e1ebc4e74f3c4e9701e1c347848ac) Importer(815301076,1909f56bfc062723c751e8b465ee728b)
Start importing Assets/Tiles/hand_1.asset using Guid(bb9e1ebc4e74f3c4e9701e1c347848ac) Importer(815301076,1909f56bfc062723c751e8b465ee728b)  -> (artifact id: 'ac51d979a63ce59baa6c551d37836840') in 0.009861 seconds 
========================================================================
Received Import Request.
  Time since last request: 0.000032 seconds.
  path: Assets/Tiles/hand_0.asset
  artifactKey: Guid(2ccc7e85389e8254eb77215f918fb6b2) Importer(815301076,1909f56bfc062723c751e8b465ee728b)
Start importing Assets/Tiles/hand_0.asset using Guid(2ccc7e85389e8254eb77215f918fb6b2) Importer(815301076,1909f56bfc062723c751e8b465ee728b)  -> (artifact id: 'c3d7485ee762d25cf3ff35959d5bc53f') in 0.010174 seconds 
========================================================================
Received Import Request.
  Time since last request: 3.017197 seconds.
  path: Assets/Palettes/Dice.prefab
  artifactKey: Guid(1c08017b99e152c4fb563b311c713478) Importer(815301076,1909f56bfc062723c751e8b465ee728b)
Start importing Assets/Palettes/Dice.prefab using Guid(1c08017b99e152c4fb563b311c713478) Importer(815301076,1909f56bfc062723c751e8b465ee728b)  -> (artifact id: '4c236428eb90b124c280eaa6eccb1d0b') in 0.033435 seconds 
Editor requested this worker to shutdown with reason: Scaling down because of idle timeout
AssetImportWorker is now disconnected from the server
Process exiting
Exiting without the bug reporter. Application will terminate with return code 0