Using pre-set license
Built from '2021.3/staging' branch; Version is '2021.3.3f1 (af2e63e8f9bd) revision 11480675'; Using compiler version '192829333'; Build Type 'Release'
OS: 'Windows 10  (10.0.19044) 64bit Professional' Language: 'en' Physical Memory: 32702 MB
BatchMode: 1, IsHumanControllingUs: 0, StartBugReporterOnCrash: 0, Is64bit: 1, IsPro: 1

COMMAND LINE ARGUMENTS:
F:\Programs\Unity\2021.3.3f1\Editor\Unity.exe
-adb2
-batchMode
-noUpm
-name
AssetImportWorker3
-projectPath
D:/Uprojects/GameJam2022
-logFile
Logs/AssetImportWorker3.log
-srvPort
50679
Successfully changed project path to: D:/Uprojects/GameJam2022
D:/Uprojects/GameJam2022
[UnityMemory] Configuration Parameters - Can be set up in boot.config
    "memorysetup-bucket-allocator-granularity=16"
    "memorysetup-bucket-allocator-bucket-count=8"
    "memorysetup-bucket-allocator-block-size=33554432"
    "memorysetup-bucket-allocator-block-count=8"
    "memorysetup-main-allocator-block-size=16777216"
    "memorysetup-thread-allocator-block-size=16777216"
    "memorysetup-gfx-main-allocator-block-size=16777216"
    "memorysetup-gfx-thread-allocator-block-size=16777216"
    "memorysetup-cache-allocator-block-size=4194304"
    "memorysetup-typetree-allocator-block-size=2097152"
    "memorysetup-profiler-bucket-allocator-granularity=16"
    "memorysetup-profiler-bucket-allocator-bucket-count=8"
    "memorysetup-profiler-bucket-allocator-block-size=33554432"
    "memorysetup-profiler-bucket-allocator-block-count=8"
    "memorysetup-profiler-allocator-block-size=16777216"
    "memorysetup-profiler-editor-allocator-block-size=1048576"
    "memorysetup-temp-allocator-size-main=16777216"
    "memorysetup-job-temp-allocator-block-size=2097152"
    "memorysetup-job-temp-allocator-block-size-background=1048576"
    "memorysetup-job-temp-allocator-reduction-small-platforms=262144"
    "memorysetup-temp-allocator-size-background-worker=32768"
    "memorysetup-temp-allocator-size-job-worker=262144"
    "memorysetup-temp-allocator-size-preload-manager=33554432"
    "memorysetup-temp-allocator-size-nav-mesh-worker=65536"
    "memorysetup-temp-allocator-size-audio-worker=65536"
    "memorysetup-temp-allocator-size-cloud-worker=32768"
    "memorysetup-temp-allocator-size-gi-baking-worker=262144"
    "memorysetup-temp-allocator-size-gfx=262144"
Refreshing native plugins compatible for Editor in 107.12 ms, found 4 plugins.
Preloading 0 native plugins for Editor in 0.00 ms.
Initialize engine version: 2021.3.3f1 (af2e63e8f9bd)
[Subsystems] Discovering subsystems at path F:/Programs/Unity/2021.3.3f1/Editor/Data/Resources/UnitySubsystems
[Subsystems] Discovering subsystems at path D:/Uprojects/GameJam2022/Assets
GfxDevice: creating device client; threaded=0; jobified=0
Direct3D:
    Version:  Direct3D 11.0 [level 11.1]
    Renderer: NVIDIA GeForce RTX 2070 SUPER (ID=0x1e84)
    Vendor:   NVIDIA
    VRAM:     8011 MB
    Driver:   30.0.15.1215
Initialize mono
Mono path[0] = 'F:/Programs/Unity/2021.3.3f1/Editor/Data/Managed'
Mono path[1] = 'F:/Programs/Unity/2021.3.3f1/Editor/Data/MonoBleedingEdge/lib/mono/unityjit-win32'
Mono config path = 'F:/Programs/Unity/2021.3.3f1/Editor/Data/MonoBleedingEdge/etc'
Using monoOptions --debugger-agent=transport=dt_socket,embedding=1,server=y,suspend=n,address=127.0.0.1:56420
Begin MonoManager ReloadAssembly
Registering precompiled unity dll's ...
Register platform support module: F:/Programs/Unity/2021.3.3f1/Editor/Data/PlaybackEngines/WindowsStandaloneSupport/UnityEditor.WindowsStandalone.Extensions.dll
Registered in 0.002544 seconds.
Native extension for WindowsStandalone target not found
Refreshing native plugins compatible for Editor in 98.42 ms, found 4 plugins.
Preloading 0 native plugins for Editor in 0.00 ms.
Mono: successfully reloaded assembly
- Completed reload, in  0.560 seconds
Domain Reload Profiling:
	ReloadAssembly (561ms)
		BeginReloadAssembly (60ms)
			ExecutionOrderSort (0ms)
			DisableScriptedObjects (0ms)
			BackupInstance (0ms)
			ReleaseScriptingObjects (0ms)
			CreateAndSetChildDomain (1ms)
		EndReloadAssembly (414ms)
			LoadAssemblies (59ms)
			RebuildTransferFunctionScriptingTraits (0ms)
			SetupTypeCache (87ms)
			ReleaseScriptCaches (0ms)
			RebuildScriptCaches (23ms)
			SetupLoadedEditorAssemblies (264ms)
				LogAssemblyErrors (0ms)
				InitializePlatformSupportModulesInManaged (6ms)
				SetLoadedEditorAssemblies (0ms)
				RefreshPlugins (99ms)
				BeforeProcessingInitializeOnLoad (1ms)
				ProcessInitializeOnLoadAttributes (119ms)
				ProcessInitializeOnLoadMethodAttributes (38ms)
				AfterProcessingInitializeOnLoad (0ms)
				EditorAssembliesLoaded (0ms)
			ExecutionOrderSort2 (0ms)
			AwakeInstancesAfterBackupRestoration (0ms)
Platform modules already initialized, skipping
Registering precompiled user dll's ...
Registered in 0.005172 seconds.
Begin MonoManager ReloadAssembly
Symbol file LoadedFromMemory doesn't match image D:\Uprojects\GameJam2022\Library\PackageCache\com.unity.visualscripting@1.7.6\Editor\VisualScripting.Core\Dependencies\YamlDotNet\Unity.VisualScripting.YamlDotNet.dll
Symbol file LoadedFromMemory doesn't match image D:\Uprojects\GameJam2022\Library\PackageCache\com.unity.visualscripting@1.7.6\Editor\VisualScripting.Core\Dependencies\DotNetZip\Unity.VisualScripting.IonicZip.dll
Native extension for WindowsStandalone target not found
Refreshing native plugins compatible for Editor in 95.75 ms, found 4 plugins.
Preloading 0 native plugins for Editor in 0.00 ms.
Mono: successfully reloaded assembly
- Completed reload, in  1.018 seconds
Domain Reload Profiling:
	ReloadAssembly (1019ms)
		BeginReloadAssembly (93ms)
			ExecutionOrderSort (0ms)
			DisableScriptedObjects (5ms)
			BackupInstance (0ms)
			ReleaseScriptingObjects (0ms)
			CreateAndSetChildDomain (17ms)
		EndReloadAssembly (828ms)
			LoadAssemblies (71ms)
			RebuildTransferFunctionScriptingTraits (0ms)
			SetupTypeCache (205ms)
			ReleaseScriptCaches (1ms)
			RebuildScriptCaches (55ms)
			SetupLoadedEditorAssemblies (461ms)
				LogAssemblyErrors (0ms)
				InitializePlatformSupportModulesInManaged (3ms)
				SetLoadedEditorAssemblies (0ms)
				RefreshPlugins (96ms)
				BeforeProcessingInitializeOnLoad (93ms)
				ProcessInitializeOnLoadAttributes (230ms)
				ProcessInitializeOnLoadMethodAttributes (36ms)
				AfterProcessingInitializeOnLoad (3ms)
				EditorAssembliesLoaded (0ms)
			ExecutionOrderSort2 (0ms)
			AwakeInstancesAfterBackupRestoration (6ms)
Platform modules already initialized, skipping
========================================================================
Worker process is ready to serve import requests
Launched and connected shader compiler UnityShaderCompiler.exe after 0.06 seconds
Refreshing native plugins compatible for Editor in 1.23 ms, found 4 plugins.
Preloading 0 native plugins for Editor in 0.00 ms.
Unloading 4210 Unused Serialized files (Serialized files now loaded: 0)
Unloading 57 unused Assets / (296.8 KB). Loaded Objects now: 4665.
Memory consumption went from 158.0 MB to 157.7 MB.
Total: 3.435800 ms (FindLiveObjects: 0.415200 ms CreateObjectMapping: 0.113100 ms MarkObjects: 2.626600 ms  DeleteObjects: 0.279500 ms)

AssetImportParameters requested are different than current active one (requested -> active):
  custom:video-decoder-ogg-theora: a1e56fd34408186e4bbccfd4996cb3dc -> 
  custom:container-muxer-webm: aa71ff27fc2769a1b78a27578f13a17b -> 
  custom:container-demuxer-webm: 4f35f7cbe854078d1ac9338744f61a02 -> 
  custom:video-encoder-webm-vp8: eb34c28f22e8b96e1ab97ce403110664 -> 
  custom:audio-encoder-webm-vorbis: bf7c407c2cedff20999df2af8eb42d56 -> 
  custom:framework-win-MediaFoundation: 216162199b28c13a410421893ffa2e32 -> 
  custom:container-demuxer-ogg: 62fdf1f143b41e24485cea50d1cbac27 -> 
  custom:video-decoder-webm-vp8: 9c59270c3fd7afecdb556c50c9e8de78 -> 
  custom:audio-decoder-ogg-vorbis: bf7c407c2cedff20999df2af8eb42d56 -> 
========================================================================
Received Prepare
Registering precompiled user dll's ...
Registered in 0.004608 seconds.
Begin MonoManager ReloadAssembly
Symbol file LoadedFromMemory doesn't match image D:\Uprojects\GameJam2022\Library\PackageCache\com.unity.visualscripting@1.7.6\Editor\VisualScripting.Core\Dependencies\YamlDotNet\Unity.VisualScripting.YamlDotNet.dll
Symbol file LoadedFromMemory doesn't match image D:\Uprojects\GameJam2022\Library\PackageCache\com.unity.visualscripting@1.7.6\Editor\VisualScripting.Core\Dependencies\DotNetZip\Unity.VisualScripting.IonicZip.dll
Native extension for WindowsStandalone target not found
Refreshing native plugins compatible for Editor in 0.74 ms, found 4 plugins.
Preloading 0 native plugins for Editor in 0.00 ms.
Mono: successfully reloaded assembly
- Completed reload, in  0.915 seconds
Domain Reload Profiling:
	ReloadAssembly (915ms)
		BeginReloadAssembly (112ms)
			ExecutionOrderSort (0ms)
			DisableScriptedObjects (5ms)
			BackupInstance (0ms)
			ReleaseScriptingObjects (0ms)
			CreateAndSetChildDomain (32ms)
		EndReloadAssembly (720ms)
			LoadAssemblies (77ms)
			RebuildTransferFunctionScriptingTraits (0ms)
			SetupTypeCache (224ms)
			ReleaseScriptCaches (1ms)
			RebuildScriptCaches (45ms)
			SetupLoadedEditorAssemblies (334ms)
				LogAssemblyErrors (0ms)
				InitializePlatformSupportModulesInManaged (10ms)
				SetLoadedEditorAssemblies (0ms)
				RefreshPlugins (1ms)
				BeforeProcessingInitializeOnLoad (69ms)
				ProcessInitializeOnLoadAttributes (215ms)
				ProcessInitializeOnLoadMethodAttributes (33ms)
				AfterProcessingInitializeOnLoad (6ms)
				EditorAssembliesLoaded (0ms)
			ExecutionOrderSort2 (0ms)
			AwakeInstancesAfterBackupRestoration (10ms)
Platform modules already initialized, skipping
Refreshing native plugins compatible for Editor in 2.83 ms, found 4 plugins.
Preloading 0 native plugins for Editor in 0.00 ms.
Unloading 4205 Unused Serialized files (Serialized files now loaded: 0)
Unloading 32 unused Assets / (263.9 KB). Loaded Objects now: 4680.
Memory consumption went from 157.9 MB to 157.6 MB.
Total: 4.016200 ms (FindLiveObjects: 0.493600 ms CreateObjectMapping: 0.145600 ms MarkObjects: 3.217300 ms  DeleteObjects: 0.158400 ms)

AssetImportParameters requested are different than current active one (requested -> active):
  custom:video-decoder-ogg-theora: a1e56fd34408186e4bbccfd4996cb3dc -> 
  custom:container-muxer-webm: aa71ff27fc2769a1b78a27578f13a17b -> 
  custom:container-demuxer-webm: 4f35f7cbe854078d1ac9338744f61a02 -> 
  custom:video-encoder-webm-vp8: eb34c28f22e8b96e1ab97ce403110664 -> 
  custom:audio-encoder-webm-vorbis: bf7c407c2cedff20999df2af8eb42d56 -> 
  custom:framework-win-MediaFoundation: 216162199b28c13a410421893ffa2e32 -> 
  custom:container-demuxer-ogg: 62fdf1f143b41e24485cea50d1cbac27 -> 
  custom:video-decoder-webm-vp8: 9c59270c3fd7afecdb556c50c9e8de78 -> 
  custom:audio-decoder-ogg-vorbis: bf7c407c2cedff20999df2af8eb42d56 -> 
========================================================================
Received Import Request.
  Time since last request: 605025.674188 seconds.
  path: Assets/Palettes/Hand.prefab
  artifactKey: Guid(ed7ff08869d273642b6b2d77163ce47a) Importer(815301076,1909f56bfc062723c751e8b465ee728b)
Start importing Assets/Palettes/Hand.prefab using Guid(ed7ff08869d273642b6b2d77163ce47a) Importer(815301076,1909f56bfc062723c751e8b465ee728b)  -> (artifact id: 'c5d5fc0326032d76e9c0efe34086539a') in 0.101695 seconds 
========================================================================
Received Import Request.
  Time since last request: 0.000017 seconds.
  path: Assets/Palettes/Terrain.prefab
  artifactKey: Guid(2e014ba1c12f88145ba75a53992729d3) Importer(815301076,1909f56bfc062723c751e8b465ee728b)
Start importing Assets/Palettes/Terrain.prefab using Guid(2e014ba1c12f88145ba75a53992729d3) Importer(815301076,1909f56bfc062723c751e8b465ee728b)  -> (artifact id: 'b66669f8c9985b512617c50d644873e6') in 0.039482 seconds 
========================================================================
Received Import Request.
  Time since last request: 16.445815 seconds.
  path: Assets/Tiles/hand_7.asset
  artifactKey: Guid(d4d5c79e51f05a347a2db99621b5656b) Importer(815301076,1909f56bfc062723c751e8b465ee728b)
Start importing Assets/Tiles/hand_7.asset using Guid(d4d5c79e51f05a347a2db99621b5656b) Importer(815301076,1909f56bfc062723c751e8b465ee728b)  -> (artifact id: '6d34a7726a754f22ed929c80bc74dd38') in 0.013621 seconds 
========================================================================
Received Import Request.
  Time since last request: 0.000018 seconds.
  path: Assets/Tiles/Level Spritemap_0.asset
  artifactKey: Guid(3496e8ef01311304985bc56c07c916b1) Importer(815301076,1909f56bfc062723c751e8b465ee728b)
Start importing Assets/Tiles/Level Spritemap_0.asset using Guid(3496e8ef01311304985bc56c07c916b1) Importer(815301076,1909f56bfc062723c751e8b465ee728b)  -> (artifact id: '3d9a6c8f902c0cf4f77e62c983867e6c') in 0.011447 seconds 
========================================================================
Received Import Request.
  Time since last request: 0.000053 seconds.
  path: Assets/Tiles/Level Spritemap_1.asset
  artifactKey: Guid(a63715f8933afb940afea2d13a425806) Importer(815301076,1909f56bfc062723c751e8b465ee728b)
Start importing Assets/Tiles/Level Spritemap_1.asset using Guid(a63715f8933afb940afea2d13a425806) Importer(815301076,1909f56bfc062723c751e8b465ee728b)  -> (artifact id: '276698d2bccecc7685b8034d5f7c28b8') in 0.014540 seconds 
========================================================================
Received Import Request.
  Time since last request: 0.130580 seconds.
  path: Assets/Tiles/Level Spritemap_4.asset
  artifactKey: Guid(d40fbd4ef8bd67c48a4477843a8ac1cc) Importer(815301076,1909f56bfc062723c751e8b465ee728b)
Start importing Assets/Tiles/Level Spritemap_4.asset using Guid(d40fbd4ef8bd67c48a4477843a8ac1cc) Importer(815301076,1909f56bfc062723c751e8b465ee728b)  -> (artifact id: '3c0cfd9d3adaa58dc01b206a560591d4') in 0.006741 seconds 
========================================================================
Received Import Request.
  Time since last request: 0.000018 seconds.
  path: Assets/Tiles/Level Spritemap_5.asset
  artifactKey: Guid(4a3f67aac02558f44af1ae641c7f96a5) Importer(815301076,1909f56bfc062723c751e8b465ee728b)
Start importing Assets/Tiles/Level Spritemap_5.asset using Guid(4a3f67aac02558f44af1ae641c7f96a5) Importer(815301076,1909f56bfc062723c751e8b465ee728b)  -> (artifact id: 'a7c49ddf54843f1e3d86404949dcef6a') in 0.014824 seconds 
========================================================================
Received Import Request.
  Time since last request: 0.970598 seconds.
  path: Assets/Tiles/Level Spritemap_9.asset
  artifactKey: Guid(2390bd7007022f6418be08d98cce6a77) Importer(815301076,1909f56bfc062723c751e8b465ee728b)
Start importing Assets/Tiles/Level Spritemap_9.asset using Guid(2390bd7007022f6418be08d98cce6a77) Importer(815301076,1909f56bfc062723c751e8b465ee728b)  -> (artifact id: '1087dc576c29f4fb424c68460d8b1d88') in 0.006115 seconds 
========================================================================
Received Import Request.
  Time since last request: 0.000017 seconds.
  path: Assets/Tiles/Level Spritemap_10.asset
  artifactKey: Guid(16bf0dde6230ab04b97245a7a3a6535a) Importer(815301076,1909f56bfc062723c751e8b465ee728b)
Start importing Assets/Tiles/Level Spritemap_10.asset using Guid(16bf0dde6230ab04b97245a7a3a6535a) Importer(815301076,1909f56bfc062723c751e8b465ee728b)  -> (artifact id: '7dc5945b82e374f1a9b9e8faeb3b2d12') in 0.007418 seconds 
========================================================================
Received Import Request.
  Time since last request: 0.000020 seconds.
  path: Assets/Tiles/Level Spritemap_12.asset
  artifactKey: Guid(98a4fc70d97a4274693d74346f4ad82e) Importer(815301076,1909f56bfc062723c751e8b465ee728b)
Start importing Assets/Tiles/Level Spritemap_12.asset using Guid(98a4fc70d97a4274693d74346f4ad82e) Importer(815301076,1909f56bfc062723c751e8b465ee728b)  -> (artifact id: '0f584d04950653e429c8a6665385fbb2') in 0.006028 seconds 
========================================================================
Received Import Request.
  Time since last request: 0.027988 seconds.
  path: Assets/Tiles/Level Spritemap_14.asset
  artifactKey: Guid(227e7d5927418444bb43ebaabc063260) Importer(815301076,1909f56bfc062723c751e8b465ee728b)
Start importing Assets/Tiles/Level Spritemap_14.asset using Guid(227e7d5927418444bb43ebaabc063260) Importer(815301076,1909f56bfc062723c751e8b465ee728b)  -> (artifact id: '02547cc6b7c6906444f86076b21397d0') in 0.005395 seconds 
========================================================================
Received Import Request.
  Time since last request: 0.000014 seconds.
  path: Assets/Tiles/Level Spritemap_15.asset
  artifactKey: Guid(d3e30b4fee2f0fc4d9c3c646cb71e643) Importer(815301076,1909f56bfc062723c751e8b465ee728b)
Start importing Assets/Tiles/Level Spritemap_15.asset using Guid(d3e30b4fee2f0fc4d9c3c646cb71e643) Importer(815301076,1909f56bfc062723c751e8b465ee728b)  -> (artifact id: 'd9d582693865421f9f1e3869b67bfcfb') in 0.006822 seconds 
========================================================================
Received Import Request.
  Time since last request: 0.035318 seconds.
  path: Assets/Tiles/Level Spritemap_19.asset
  artifactKey: Guid(171b0a56994f8fa45946a9890b8ff9c7) Importer(815301076,1909f56bfc062723c751e8b465ee728b)
Start importing Assets/Tiles/Level Spritemap_19.asset using Guid(171b0a56994f8fa45946a9890b8ff9c7) Importer(815301076,1909f56bfc062723c751e8b465ee728b)  -> (artifact id: '4a1f3215586a5ee168be3ddc849c1788') in 0.006022 seconds 
========================================================================
Received Import Request.
  Time since last request: 0.000026 seconds.
  path: Assets/Tiles/Level Spritemap_21.asset
  artifactKey: Guid(ea0d1a73f92108f4c902cbbd59f50238) Importer(815301076,1909f56bfc062723c751e8b465ee728b)
Start importing Assets/Tiles/Level Spritemap_21.asset using Guid(ea0d1a73f92108f4c902cbbd59f50238) Importer(815301076,1909f56bfc062723c751e8b465ee728b)  -> (artifact id: 'fff7a96121d1c3adaaa586e02b127446') in 0.007170 seconds 
========================================================================
Received Import Request.
  Time since last request: 0.000016 seconds.
  path: Assets/Tiles/Level Spritemap_22.asset
  artifactKey: Guid(6ee049ab90d07c44b87c45a671e6c9cd) Importer(815301076,1909f56bfc062723c751e8b465ee728b)
Start importing Assets/Tiles/Level Spritemap_22.asset using Guid(6ee049ab90d07c44b87c45a671e6c9cd) Importer(815301076,1909f56bfc062723c751e8b465ee728b)  -> (artifact id: 'b6b7e80dab4f0a12d1c81bd4fe8d571c') in 0.005674 seconds 
========================================================================
Received Import Request.
  Time since last request: 0.028477 seconds.
  path: Assets/Tiles/Level Spritemap_24.asset
  artifactKey: Guid(e920ba93f7bccb74cac3767f14c1c981) Importer(815301076,1909f56bfc062723c751e8b465ee728b)
Start importing Assets/Tiles/Level Spritemap_24.asset using Guid(e920ba93f7bccb74cac3767f14c1c981) Importer(815301076,1909f56bfc062723c751e8b465ee728b)  -> (artifact id: '7e50d48095532896b1c9d7311ef78ffa') in 0.005764 seconds 
========================================================================
Received Import Request.
  Time since last request: 0.000014 seconds.
  path: Assets/Tiles/Level Spritemap_26.asset
  artifactKey: Guid(fe8a17f258c3c4942b32f2ef44f5356c) Importer(815301076,1909f56bfc062723c751e8b465ee728b)
Start importing Assets/Tiles/Level Spritemap_26.asset using Guid(fe8a17f258c3c4942b32f2ef44f5356c) Importer(815301076,1909f56bfc062723c751e8b465ee728b)  -> (artifact id: '4f03e8274c9e187618a5814d6131006f') in 0.008136 seconds 
========================================================================
Received Import Request.
  Time since last request: 0.023418 seconds.
  path: Assets/Tiles/Level Spritemap_29.asset
  artifactKey: Guid(68fc9d17cb3ef23489c835d36dd0d540) Importer(815301076,1909f56bfc062723c751e8b465ee728b)
Start importing Assets/Tiles/Level Spritemap_29.asset using Guid(68fc9d17cb3ef23489c835d36dd0d540) Importer(815301076,1909f56bfc062723c751e8b465ee728b)  -> (artifact id: '11ac610d4cca4ac5d02d5f688b495ed7') in 0.006954 seconds 
========================================================================
Received Import Request.
  Time since last request: 0.000018 seconds.
  path: Assets/Tiles/Level Spritemap_30.asset
  artifactKey: Guid(cd92d7db3d99ee244917819a6b2f9a33) Importer(815301076,1909f56bfc062723c751e8b465ee728b)
Start importing Assets/Tiles/Level Spritemap_30.asset using Guid(cd92d7db3d99ee244917819a6b2f9a33) Importer(815301076,1909f56bfc062723c751e8b465ee728b)  -> (artifact id: 'fcf4356d462c37eb3acf7fae42c69874') in 0.006854 seconds 
========================================================================
Received Import Request.
  Time since last request: 0.044992 seconds.
  path: Assets/Tiles/Level Spritemap_34.asset
  artifactKey: Guid(7ba0770ec7abf85408b0d553b23ac500) Importer(815301076,1909f56bfc062723c751e8b465ee728b)
Start importing Assets/Tiles/Level Spritemap_34.asset using Guid(7ba0770ec7abf85408b0d553b23ac500) Importer(815301076,1909f56bfc062723c751e8b465ee728b)  -> (artifact id: '04514ea0221d9c7b246c118d176bddf4') in 0.006123 seconds 
========================================================================
Received Import Request.
  Time since last request: 0.000016 seconds.
  path: Assets/Tiles/Level Spritemap_37.asset
  artifactKey: Guid(95f71e3ed39275d41ad040c9fde1a3b2) Importer(815301076,1909f56bfc062723c751e8b465ee728b)
Start importing Assets/Tiles/Level Spritemap_37.asset using Guid(95f71e3ed39275d41ad040c9fde1a3b2) Importer(815301076,1909f56bfc062723c751e8b465ee728b)  -> (artifact id: '1d12da90a5ad5e34806f8296219f47cf') in 0.007051 seconds 
========================================================================
Received Import Request.
  Time since last request: 0.000020 seconds.
  path: Assets/Tiles/Level Spritemap_35.asset
  artifactKey: Guid(d2b1c8927236cec4093e7a8028b6a3b8) Importer(815301076,1909f56bfc062723c751e8b465ee728b)
Start importing Assets/Tiles/Level Spritemap_35.asset using Guid(d2b1c8927236cec4093e7a8028b6a3b8) Importer(815301076,1909f56bfc062723c751e8b465ee728b)  -> (artifact id: '9ee8fbd78cdddd8d3d9bf6f2e5189cf8') in 0.007005 seconds 
========================================================================
Received Import Request.
  Time since last request: 0.329783 seconds.
  path: Assets/Tiles/Level Spritemap_39.asset
  artifactKey: Guid(d682ac1b4bb9c2b418648cfff43d6588) Importer(815301076,1909f56bfc062723c751e8b465ee728b)
Start importing Assets/Tiles/Level Spritemap_39.asset using Guid(d682ac1b4bb9c2b418648cfff43d6588) Importer(815301076,1909f56bfc062723c751e8b465ee728b)  -> (artifact id: '4c2054392f775783070161108f75a650') in 0.005618 seconds 
========================================================================
Received Import Request.
  Time since last request: 0.000015 seconds.
  path: Assets/Tiles/Level Spritemap_40.asset
  artifactKey: Guid(12532ae95a382ca4eb45213f537e1084) Importer(815301076,1909f56bfc062723c751e8b465ee728b)
Start importing Assets/Tiles/Level Spritemap_40.asset using Guid(12532ae95a382ca4eb45213f537e1084) Importer(815301076,1909f56bfc062723c751e8b465ee728b)  -> (artifact id: 'e9d9e48d8cea50ffdaf2d3d5c5db07df') in 0.006516 seconds 
========================================================================
Received Import Request.
  Time since last request: 0.028932 seconds.
  path: Assets/Tiles/Level Spritemap_44.asset
  artifactKey: Guid(2a8cc7a000c60764bbcbceb40c9a09bc) Importer(815301076,1909f56bfc062723c751e8b465ee728b)
Start importing Assets/Tiles/Level Spritemap_44.asset using Guid(2a8cc7a000c60764bbcbceb40c9a09bc) Importer(815301076,1909f56bfc062723c751e8b465ee728b)  -> (artifact id: 'ca97dfa7bae81d3509c19f23f8ebf4b3') in 0.006552 seconds 
========================================================================
Received Import Request.
  Time since last request: 0.000015 seconds.
  path: Assets/Tiles/Level Spritemap_47.asset
  artifactKey: Guid(b75fd4237fe598d4cab5c4bde5d79e06) Importer(815301076,1909f56bfc062723c751e8b465ee728b)
Start importing Assets/Tiles/Level Spritemap_47.asset using Guid(b75fd4237fe598d4cab5c4bde5d79e06) Importer(815301076,1909f56bfc062723c751e8b465ee728b)  -> (artifact id: '2029478697652bd8a6faa1b509c645a1') in 0.007060 seconds 
========================================================================
Received Import Request.
  Time since last request: 0.000019 seconds.
  path: Assets/Tiles/Level Spritemap_46.asset
  artifactKey: Guid(f6ed0be47fcb18a4695fbd78062ce502) Importer(815301076,1909f56bfc062723c751e8b465ee728b)
Start importing Assets/Tiles/Level Spritemap_46.asset using Guid(f6ed0be47fcb18a4695fbd78062ce502) Importer(815301076,1909f56bfc062723c751e8b465ee728b)  -> (artifact id: '3b5ecda229d789449db8e7c97ac837ed') in 0.006117 seconds 
========================================================================
Received Import Request.
  Time since last request: 0.012297 seconds.
  path: Assets/Tiles/Level Spritemap_49.asset
  artifactKey: Guid(058e043413c69314c9bb8139227b5a38) Importer(815301076,1909f56bfc062723c751e8b465ee728b)
Start importing Assets/Tiles/Level Spritemap_49.asset using Guid(058e043413c69314c9bb8139227b5a38) Importer(815301076,1909f56bfc062723c751e8b465ee728b)  -> (artifact id: '9ff139bf5b58f9357e0884d020f0840f') in 0.006119 seconds 
========================================================================
Received Import Request.
  Time since last request: 0.000029 seconds.
  path: Assets/Tiles/Level Spritemap_52.asset
  artifactKey: Guid(7fd5c99c9b30ec4449a37e4313b814c3) Importer(815301076,1909f56bfc062723c751e8b465ee728b)
Start importing Assets/Tiles/Level Spritemap_52.asset using Guid(7fd5c99c9b30ec4449a37e4313b814c3) Importer(815301076,1909f56bfc062723c751e8b465ee728b)  -> (artifact id: 'dac22604296e643d7a93dae0c1f0b9ed') in 0.006715 seconds 
========================================================================
Received Import Request.
  Time since last request: 0.000024 seconds.
  path: Assets/Tiles/Level Spritemap_51.asset
  artifactKey: Guid(93b43dc9b672eb546948cd3d551b79c1) Importer(815301076,1909f56bfc062723c751e8b465ee728b)
Start importing Assets/Tiles/Level Spritemap_51.asset using Guid(93b43dc9b672eb546948cd3d551b79c1) Importer(815301076,1909f56bfc062723c751e8b465ee728b)  -> (artifact id: '4173cb2ae4b310e2597d89bcbf1e3c66') in 0.006021 seconds 
========================================================================
Received Import Request.
  Time since last request: 0.003617 seconds.
  path: Assets/Tiles/Level Spritemap_54.asset
  artifactKey: Guid(cde8c310172f6cc4c87e8c0306d8deb3) Importer(815301076,1909f56bfc062723c751e8b465ee728b)
Start importing Assets/Tiles/Level Spritemap_54.asset using Guid(cde8c310172f6cc4c87e8c0306d8deb3) Importer(815301076,1909f56bfc062723c751e8b465ee728b)  -> (artifact id: 'b70f89f4179b2ede03e7e230a1ae0f1b') in 0.007551 seconds 
========================================================================
Received Import Request.
  Time since last request: 0.000022 seconds.
  path: Assets/Tiles/Level Spritemap_57.asset
  artifactKey: Guid(343e4d4d408d8cb42af1bf518c137d3f) Importer(815301076,1909f56bfc062723c751e8b465ee728b)
Start importing Assets/Tiles/Level Spritemap_57.asset using Guid(343e4d4d408d8cb42af1bf518c137d3f) Importer(815301076,1909f56bfc062723c751e8b465ee728b)  -> (artifact id: '67d86d8a9c2e94e26117dcb2869fa22d') in 0.007233 seconds 
========================================================================
Received Import Request.
  Time since last request: 0.000027 seconds.
  path: Assets/Tiles/Level Spritemap_56.asset
  artifactKey: Guid(1649fb9874064c34492ba3373e9f8378) Importer(815301076,1909f56bfc062723c751e8b465ee728b)
Start importing Assets/Tiles/Level Spritemap_56.asset using Guid(1649fb9874064c34492ba3373e9f8378) Importer(815301076,1909f56bfc062723c751e8b465ee728b)  -> (artifact id: '46864c2d68614dc6aa12c59739a46dc6') in 0.007068 seconds 
========================================================================
Received Import Request.
  Time since last request: 0.000030 seconds.
  path: Assets/Tiles/Level Spritemap_60.asset
  artifactKey: Guid(7fc15d8563f084b458799d77e190121a) Importer(815301076,1909f56bfc062723c751e8b465ee728b)
Start importing Assets/Tiles/Level Spritemap_60.asset using Guid(7fc15d8563f084b458799d77e190121a) Importer(815301076,1909f56bfc062723c751e8b465ee728b)  -> (artifact id: '4b82e6979cca2ebd3ecf3106b3b13a84') in 0.007615 seconds 
========================================================================
Received Import Request.
  Time since last request: 0.000027 seconds.
  path: Assets/Tiles/Level Spritemap_61.asset
  artifactKey: Guid(4c987280fc0ac0c42abd4015ed663916) Importer(815301076,1909f56bfc062723c751e8b465ee728b)
Start importing Assets/Tiles/Level Spritemap_61.asset using Guid(4c987280fc0ac0c42abd4015ed663916) Importer(815301076,1909f56bfc062723c751e8b465ee728b)  -> (artifact id: 'e4f11401700c30f04053ab6c33dd2ea1') in 0.008728 seconds 
========================================================================
Received Import Request.
  Time since last request: 0.712076 seconds.
  path: Assets/Tiles/Level Spritemap_64.asset
  artifactKey: Guid(7b95059671f9e424c824ff2fc29812a8) Importer(815301076,1909f56bfc062723c751e8b465ee728b)
Start importing Assets/Tiles/Level Spritemap_64.asset using Guid(7b95059671f9e424c824ff2fc29812a8) Importer(815301076,1909f56bfc062723c751e8b465ee728b)  -> (artifact id: '1b13b2a3a9eb2bd23df1095429321068') in 0.005965 seconds 
========================================================================
Received Import Request.
  Time since last request: 0.000016 seconds.
  path: Assets/Tiles/Level Spritemap_66.asset
  artifactKey: Guid(9e93bfbf96f120a49b5c598699f9958b) Importer(815301076,1909f56bfc062723c751e8b465ee728b)
Start importing Assets/Tiles/Level Spritemap_66.asset using Guid(9e93bfbf96f120a49b5c598699f9958b) Importer(815301076,1909f56bfc062723c751e8b465ee728b)  -> (artifact id: 'c9898087441fefcefd44fe77f50140db') in 0.006715 seconds 
========================================================================
Received Import Request.
  Time since last request: 0.009074 seconds.
  path: Assets/Tiles/Level Spritemap_68.asset
  artifactKey: Guid(7a9b43799fce0dc4ca1b9490487b2f9e) Importer(815301076,1909f56bfc062723c751e8b465ee728b)
Start importing Assets/Tiles/Level Spritemap_68.asset using Guid(7a9b43799fce0dc4ca1b9490487b2f9e) Importer(815301076,1909f56bfc062723c751e8b465ee728b)  -> (artifact id: '1ee4a7943a29c77cbc06b3a83f66275e') in 0.007823 seconds 
========================================================================
Received Import Request.
  Time since last request: 0.000027 seconds.
  path: Assets/Tiles/Level Spritemap_70.asset
  artifactKey: Guid(1099964ce82d1b94eb63212b103eaedc) Importer(815301076,1909f56bfc062723c751e8b465ee728b)
Start importing Assets/Tiles/Level Spritemap_70.asset using Guid(1099964ce82d1b94eb63212b103eaedc) Importer(815301076,1909f56bfc062723c751e8b465ee728b)  -> (artifact id: '64998d27d81f3cef0aaf7ddb5bf5765f') in 0.008807 seconds 
========================================================================
Received Import Request.
  Time since last request: 0.000022 seconds.
  path: Assets/Tiles/Level Spritemap_76.asset
  artifactKey: Guid(5501b31fde2863b4e80bb04c84926e5a) Importer(815301076,1909f56bfc062723c751e8b465ee728b)
Start importing Assets/Tiles/Level Spritemap_76.asset using Guid(5501b31fde2863b4e80bb04c84926e5a) Importer(815301076,1909f56bfc062723c751e8b465ee728b)  -> (artifact id: '995c919f481eb10e4971431ba645aac1') in 0.007524 seconds 
========================================================================
Received Import Request.
  Time since last request: 0.000021 seconds.
  path: Assets/Tiles/Level Spritemap_72.asset
  artifactKey: Guid(9a16660436636a945913cfc086bee40c) Importer(815301076,1909f56bfc062723c751e8b465ee728b)
Start importing Assets/Tiles/Level Spritemap_72.asset using Guid(9a16660436636a945913cfc086bee40c) Importer(815301076,1909f56bfc062723c751e8b465ee728b)  -> (artifact id: 'f39cd9e3deb0dc16316828251bd1a43d') in 0.006861 seconds 
========================================================================
Received Import Request.
  Time since last request: 0.000028 seconds.
  path: Assets/Tiles/Level Spritemap_75.asset
  artifactKey: Guid(d325fd8264ce45742a33631eaaec2ab8) Importer(815301076,1909f56bfc062723c751e8b465ee728b)
Start importing Assets/Tiles/Level Spritemap_75.asset using Guid(d325fd8264ce45742a33631eaaec2ab8) Importer(815301076,1909f56bfc062723c751e8b465ee728b)  -> (artifact id: '3c41af2bc216aa08fa375e5b2b146af8') in 0.007882 seconds 
========================================================================
Received Import Request.
  Time since last request: 0.000024 seconds.
  path: Assets/Tiles/Level Spritemap_74.asset
  artifactKey: Guid(b39b91b75af197a4ab02c2e745e2470d) Importer(815301076,1909f56bfc062723c751e8b465ee728b)
Start importing Assets/Tiles/Level Spritemap_74.asset using Guid(b39b91b75af197a4ab02c2e745e2470d) Importer(815301076,1909f56bfc062723c751e8b465ee728b)  -> (artifact id: '8a96ac3cb46da64f7a15c7080478cce9') in 0.009073 seconds 
========================================================================
Received Import Request.
  Time since last request: 22.868908 seconds.
  path: Assets/Sprites/dice d4.png
  artifactKey: Guid(ac5a6c4ec6f2eb349b1dc4e8289b964c) Importer(815301076,1909f56bfc062723c751e8b465ee728b)
Start importing Assets/Sprites/dice d4.png using Guid(ac5a6c4ec6f2eb349b1dc4e8289b964c) Importer(815301076,1909f56bfc062723c751e8b465ee728b)  -> (artifact id: 'e3e3644ac039230c90c555966c367f2b') in 0.108335 seconds 
Editor requested this worker to shutdown with reason: Scaling down because of idle timeout
AssetImportWorker is now disconnected from the server
Process exiting
Exiting without the bug reporter. Application will terminate with return code 0