Using pre-set license
Built from '2021.3/staging' branch; Version is '2021.3.3f1 (af2e63e8f9bd) revision 11480675'; Using compiler version '192829333'; Build Type 'Release'
OS: 'Windows 10  (10.0.19044) 64bit Professional' Language: 'en' Physical Memory: 32702 MB
BatchMode: 1, IsHumanControllingUs: 0, StartBugReporterOnCrash: 0, Is64bit: 1, IsPro: 1

COMMAND LINE ARGUMENTS:
F:\Programs\Unity\2021.3.3f1\Editor\Unity.exe
-adb2
-batchMode
-noUpm
-name
AssetImportWorker1
-projectPath
D:/Uprojects/GameJam2022
-logFile
Logs/AssetImportWorker1.log
-srvPort
50679
Successfully changed project path to: D:/Uprojects/GameJam2022
D:/Uprojects/GameJam2022
[UnityMemory] Configuration Parameters - Can be set up in boot.config
    "memorysetup-bucket-allocator-granularity=16"
    "memorysetup-bucket-allocator-bucket-count=8"
    "memorysetup-bucket-allocator-block-size=33554432"
    "memorysetup-bucket-allocator-block-count=8"
    "memorysetup-main-allocator-block-size=16777216"
    "memorysetup-thread-allocator-block-size=16777216"
    "memorysetup-gfx-main-allocator-block-size=16777216"
    "memorysetup-gfx-thread-allocator-block-size=16777216"
    "memorysetup-cache-allocator-block-size=4194304"
    "memorysetup-typetree-allocator-block-size=2097152"
    "memorysetup-profiler-bucket-allocator-granularity=16"
    "memorysetup-profiler-bucket-allocator-bucket-count=8"
    "memorysetup-profiler-bucket-allocator-block-size=33554432"
    "memorysetup-profiler-bucket-allocator-block-count=8"
    "memorysetup-profiler-allocator-block-size=16777216"
    "memorysetup-profiler-editor-allocator-block-size=1048576"
    "memorysetup-temp-allocator-size-main=16777216"
    "memorysetup-job-temp-allocator-block-size=2097152"
    "memorysetup-job-temp-allocator-block-size-background=1048576"
    "memorysetup-job-temp-allocator-reduction-small-platforms=262144"
    "memorysetup-temp-allocator-size-background-worker=32768"
    "memorysetup-temp-allocator-size-job-worker=262144"
    "memorysetup-temp-allocator-size-preload-manager=33554432"
    "memorysetup-temp-allocator-size-nav-mesh-worker=65536"
    "memorysetup-temp-allocator-size-audio-worker=65536"
    "memorysetup-temp-allocator-size-cloud-worker=32768"
    "memorysetup-temp-allocator-size-gi-baking-worker=262144"
    "memorysetup-temp-allocator-size-gfx=262144"
Refreshing native plugins compatible for Editor in 107.18 ms, found 4 plugins.
Preloading 0 native plugins for Editor in 0.00 ms.
Initialize engine version: 2021.3.3f1 (af2e63e8f9bd)
[Subsystems] Discovering subsystems at path F:/Programs/Unity/2021.3.3f1/Editor/Data/Resources/UnitySubsystems
[Subsystems] Discovering subsystems at path D:/Uprojects/GameJam2022/Assets
GfxDevice: creating device client; threaded=0; jobified=0
Direct3D:
    Version:  Direct3D 11.0 [level 11.1]
    Renderer: NVIDIA GeForce RTX 2070 SUPER (ID=0x1e84)
    Vendor:   NVIDIA
    VRAM:     8011 MB
    Driver:   30.0.15.1215
Initialize mono
Mono path[0] = 'F:/Programs/Unity/2021.3.3f1/Editor/Data/Managed'
Mono path[1] = 'F:/Programs/Unity/2021.3.3f1/Editor/Data/MonoBleedingEdge/lib/mono/unityjit-win32'
Mono config path = 'F:/Programs/Unity/2021.3.3f1/Editor/Data/MonoBleedingEdge/etc'
Using monoOptions --debugger-agent=transport=dt_socket,embedding=1,server=y,suspend=n,address=127.0.0.1:56204
Begin MonoManager ReloadAssembly
Registering precompiled unity dll's ...
Register platform support module: F:/Programs/Unity/2021.3.3f1/Editor/Data/PlaybackEngines/WindowsStandaloneSupport/UnityEditor.WindowsStandalone.Extensions.dll
Registered in 0.002455 seconds.
Native extension for WindowsStandalone target not found
Refreshing native plugins compatible for Editor in 97.31 ms, found 4 plugins.
Preloading 0 native plugins for Editor in 0.00 ms.
Mono: successfully reloaded assembly
- Completed reload, in  0.558 seconds
Domain Reload Profiling:
	ReloadAssembly (559ms)
		BeginReloadAssembly (58ms)
			ExecutionOrderSort (0ms)
			DisableScriptedObjects (0ms)
			BackupInstance (0ms)
			ReleaseScriptingObjects (0ms)
			CreateAndSetChildDomain (1ms)
		EndReloadAssembly (416ms)
			LoadAssemblies (56ms)
			RebuildTransferFunctionScriptingTraits (0ms)
			SetupTypeCache (92ms)
			ReleaseScriptCaches (0ms)
			RebuildScriptCaches (23ms)
			SetupLoadedEditorAssemblies (262ms)
				LogAssemblyErrors (0ms)
				InitializePlatformSupportModulesInManaged (6ms)
				SetLoadedEditorAssemblies (0ms)
				RefreshPlugins (97ms)
				BeforeProcessingInitializeOnLoad (1ms)
				ProcessInitializeOnLoadAttributes (118ms)
				ProcessInitializeOnLoadMethodAttributes (39ms)
				AfterProcessingInitializeOnLoad (0ms)
				EditorAssembliesLoaded (0ms)
			ExecutionOrderSort2 (0ms)
			AwakeInstancesAfterBackupRestoration (0ms)
Platform modules already initialized, skipping
Registering precompiled user dll's ...
Registered in 0.004930 seconds.
Begin MonoManager ReloadAssembly
Symbol file LoadedFromMemory doesn't match image D:\Uprojects\GameJam2022\Library\PackageCache\com.unity.visualscripting@1.7.6\Editor\VisualScripting.Core\Dependencies\YamlDotNet\Unity.VisualScripting.YamlDotNet.dll
Symbol file LoadedFromMemory doesn't match image D:\Uprojects\GameJam2022\Library\PackageCache\com.unity.visualscripting@1.7.6\Editor\VisualScripting.Core\Dependencies\DotNetZip\Unity.VisualScripting.IonicZip.dll
Native extension for WindowsStandalone target not found
Refreshing native plugins compatible for Editor in 97.54 ms, found 4 plugins.
Preloading 0 native plugins for Editor in 0.00 ms.
Mono: successfully reloaded assembly
- Completed reload, in  1.015 seconds
Domain Reload Profiling:
	ReloadAssembly (1016ms)
		BeginReloadAssembly (95ms)
			ExecutionOrderSort (0ms)
			DisableScriptedObjects (5ms)
			BackupInstance (0ms)
			ReleaseScriptingObjects (0ms)
			CreateAndSetChildDomain (18ms)
		EndReloadAssembly (824ms)
			LoadAssemblies (74ms)
			RebuildTransferFunctionScriptingTraits (0ms)
			SetupTypeCache (213ms)
			ReleaseScriptCaches (1ms)
			RebuildScriptCaches (51ms)
			SetupLoadedEditorAssemblies (454ms)
				LogAssemblyErrors (0ms)
				InitializePlatformSupportModulesInManaged (3ms)
				SetLoadedEditorAssemblies (0ms)
				RefreshPlugins (98ms)
				BeforeProcessingInitializeOnLoad (94ms)
				ProcessInitializeOnLoadAttributes (222ms)
				ProcessInitializeOnLoadMethodAttributes (35ms)
				AfterProcessingInitializeOnLoad (3ms)
				EditorAssembliesLoaded (0ms)
			ExecutionOrderSort2 (0ms)
			AwakeInstancesAfterBackupRestoration (6ms)
Platform modules already initialized, skipping
========================================================================
Worker process is ready to serve import requests
Launched and connected shader compiler UnityShaderCompiler.exe after 0.05 seconds
Refreshing native plugins compatible for Editor in 0.75 ms, found 4 plugins.
Preloading 0 native plugins for Editor in 0.00 ms.
Unloading 4210 Unused Serialized files (Serialized files now loaded: 0)
Unloading 57 unused Assets / (296.8 KB). Loaded Objects now: 4665.
Memory consumption went from 158.0 MB to 157.7 MB.
Total: 3.147400 ms (FindLiveObjects: 0.370000 ms CreateObjectMapping: 0.109200 ms MarkObjects: 2.513600 ms  DeleteObjects: 0.153600 ms)

AssetImportParameters requested are different than current active one (requested -> active):
  custom:video-decoder-ogg-theora: a1e56fd34408186e4bbccfd4996cb3dc -> 
  custom:container-muxer-webm: aa71ff27fc2769a1b78a27578f13a17b -> 
  custom:container-demuxer-webm: 4f35f7cbe854078d1ac9338744f61a02 -> 
  custom:video-encoder-webm-vp8: eb34c28f22e8b96e1ab97ce403110664 -> 
  custom:audio-encoder-webm-vorbis: bf7c407c2cedff20999df2af8eb42d56 -> 
  custom:framework-win-MediaFoundation: 216162199b28c13a410421893ffa2e32 -> 
  custom:container-demuxer-ogg: 62fdf1f143b41e24485cea50d1cbac27 -> 
  custom:video-decoder-webm-vp8: 9c59270c3fd7afecdb556c50c9e8de78 -> 
  custom:audio-decoder-ogg-vorbis: bf7c407c2cedff20999df2af8eb42d56 -> 
========================================================================
Received Import Request.
  Time since last request: 603075.837306 seconds.
  path: Assets/Materials and Textures/Arc.mat
  artifactKey: Guid(81c5663dd0f57bc469576ec97ad220f8) Importer(815301076,1909f56bfc062723c751e8b465ee728b)
Start importing Assets/Materials and Textures/Arc.mat using Guid(81c5663dd0f57bc469576ec97ad220f8) Importer(815301076,1909f56bfc062723c751e8b465ee728b)  -> (artifact id: '14043fe3f53db4a721d83e29b5ca5ccb') in 0.104749 seconds 
========================================================================
Received Import Request.
  Time since last request: 5.430717 seconds.
  path: Assets/Tiles/dice d4_1.asset
  artifactKey: Guid(5d1b8d4bf199c7d409c5e9de1d010900) Importer(815301076,1909f56bfc062723c751e8b465ee728b)
Start importing Assets/Tiles/dice d4_1.asset using Guid(5d1b8d4bf199c7d409c5e9de1d010900) Importer(815301076,1909f56bfc062723c751e8b465ee728b)  -> (artifact id: '2e832a25ae30c9ece03d129cecf25c88') in 0.018892 seconds 
========================================================================
Received Import Request.
  Time since last request: 0.000019 seconds.
  path: Assets/Tiles/hand_2.asset
  artifactKey: Guid(e8648673bb6ef894287c4e87443e6c64) Importer(815301076,1909f56bfc062723c751e8b465ee728b)
Start importing Assets/Tiles/hand_2.asset using Guid(e8648673bb6ef894287c4e87443e6c64) Importer(815301076,1909f56bfc062723c751e8b465ee728b)  -> (artifact id: '810f9e3013182c6053c7db9c0df0ec19') in 0.015514 seconds 
========================================================================
Received Import Request.
  Time since last request: 0.000036 seconds.
  path: Assets/Tiles/dice d4_7.asset
  artifactKey: Guid(17aa223ecd049e24781c623350740481) Importer(815301076,1909f56bfc062723c751e8b465ee728b)
Start importing Assets/Tiles/dice d4_7.asset using Guid(17aa223ecd049e24781c623350740481) Importer(815301076,1909f56bfc062723c751e8b465ee728b)  -> (artifact id: 'e04de7159c777dd050fd91ab3b8204ad') in 0.008953 seconds 
========================================================================
Received Import Request.
  Time since last request: 0.000036 seconds.
  path: Assets/Tiles/dice d4_4.asset
  artifactKey: Guid(bbd0cd367a0264e4c92c82132674edd2) Importer(815301076,1909f56bfc062723c751e8b465ee728b)
Start importing Assets/Tiles/dice d4_4.asset using Guid(bbd0cd367a0264e4c92c82132674edd2) Importer(815301076,1909f56bfc062723c751e8b465ee728b)  -> (artifact id: '3d07498b3441f4720f925204b8799d1f') in 0.016677 seconds 
========================================================================
Received Import Request.
  Time since last request: 0.000027 seconds.
  path: Assets/Tiles/dice d4_3.asset
  artifactKey: Guid(76481c789f79042429526409759a6391) Importer(815301076,1909f56bfc062723c751e8b465ee728b)
Start importing Assets/Tiles/dice d4_3.asset using Guid(76481c789f79042429526409759a6391) Importer(815301076,1909f56bfc062723c751e8b465ee728b)  -> (artifact id: '2e316a99f091ee8a4f63fc005b4d1f9e') in 0.016595 seconds 
========================================================================
Received Import Request.
  Time since last request: 0.000024 seconds.
  path: Assets/Tiles/dice d4_2.asset
  artifactKey: Guid(88039856bf3991d4f923461f19997c11) Importer(815301076,1909f56bfc062723c751e8b465ee728b)
Start importing Assets/Tiles/dice d4_2.asset using Guid(88039856bf3991d4f923461f19997c11) Importer(815301076,1909f56bfc062723c751e8b465ee728b)  -> (artifact id: 'df629dd1d9c0235d5850f66af9f84c81') in 0.011679 seconds 
========================================================================
Received Import Request.
  Time since last request: 0.000021 seconds.
  path: Assets/Tiles/hand_5.asset
  artifactKey: Guid(2adb4c6f6ab5b5842a99ec31e61dd437) Importer(815301076,1909f56bfc062723c751e8b465ee728b)
Start importing Assets/Tiles/hand_5.asset using Guid(2adb4c6f6ab5b5842a99ec31e61dd437) Importer(815301076,1909f56bfc062723c751e8b465ee728b)  -> (artifact id: 'ac62a0a36f7c1ed8dd481e987af23236') in 0.019266 seconds 
========================================================================
Received Import Request.
  Time since last request: 0.000026 seconds.
  path: Assets/Tiles/hand_1.asset
  artifactKey: Guid(bb9e1ebc4e74f3c4e9701e1c347848ac) Importer(815301076,1909f56bfc062723c751e8b465ee728b)
Start importing Assets/Tiles/hand_1.asset using Guid(bb9e1ebc4e74f3c4e9701e1c347848ac) Importer(815301076,1909f56bfc062723c751e8b465ee728b)  -> (artifact id: '6905fbf905f3e28d738b8cfd61277d9f') in 0.015361 seconds 
========================================================================
Received Import Request.
  Time since last request: 0.000020 seconds.
  path: Assets/Tiles/hand.asset
  artifactKey: Guid(75e6350d1077fd34db27fd237087bdcc) Importer(815301076,1909f56bfc062723c751e8b465ee728b)
Start importing Assets/Tiles/hand.asset using Guid(75e6350d1077fd34db27fd237087bdcc) Importer(815301076,1909f56bfc062723c751e8b465ee728b)  -> (artifact id: 'bd96ff4f7a244ef5f0d1332f4ff6fca6') in 0.004820 seconds 
========================================================================
Received Import Request.
  Time since last request: 0.000023 seconds.
  path: Assets/Tiles/hand_4.asset
  artifactKey: Guid(e7a499ebbe26f8d44bcb1ee87dee567f) Importer(815301076,1909f56bfc062723c751e8b465ee728b)
Start importing Assets/Tiles/hand_4.asset using Guid(e7a499ebbe26f8d44bcb1ee87dee567f) Importer(815301076,1909f56bfc062723c751e8b465ee728b)  -> (artifact id: '62439e985b599e9bbda92c398ba16377') in 0.007980 seconds 
Editor requested this worker to shutdown with reason: Scaling down because of idle timeout
AssetImportWorker is now disconnected from the server
Process exiting
Exiting without the bug reporter. Application will terminate with return code 0